Flow report for 4bits_RCA
Fri Sep 06 11:58:22 2024
Quartus Prime Version 17.0.0 Build 595 04/25/2017 SJ Lite Edition


---------------------
; Table of Contents ;
---------------------
  1. Legal Notice
  2. Flow Summary
  3. Flow Settings
  4. Flow Non-Default Global Settings
  5. Flow Elapsed Time
  6. Flow OS Summary
  7. Flow Log
  8. Flow Messages
  9. Flow Suppressed Messages



----------------
; Legal Notice ;
----------------
Copyright (C) 2017  Intel Corporation. All rights reserved.
Your use of Intel Corporation's design tools, logic functions 
and other software and tools, and its AMPP partner logic 
functions, and any output files from any of the foregoing 
(including device programming or simulation files), and any 
associated documentation or information are expressly subject 
to the terms and conditions of the Intel Program License 
Subscription Agreement, the Intel Quartus Prime License Agreement,
the Intel MegaCore Function License Agreement, or other 
applicable license agreement, including, without limitation, 
that your use is for the sole purpose of programming logic 
devices manufactured by Intel and sold by Intel or its 
authorized distributors.  Please refer to the applicable 
agreement for further details.



+----------------------------------------------------------------------------------+
; Flow Summary                                                                     ;
+------------------------------------+---------------------------------------------+
; Flow Status                        ; Successful - Fri Sep 06 11:58:22 2024       ;
; Quartus Prime Version              ; 17.0.0 Build 595 04/25/2017 SJ Lite Edition ;
; Revision Name                      ; 4bits_RCA                                   ;
; Top-level Entity Name              ; RCA                                         ;
; Family                             ; Cyclone IV E                                ;
; Device                             ; EP4CE115F29C7                               ;
; Timing Models                      ; Final                                       ;
; Total logic elements               ; 8 / 114,480 ( < 1 % )                       ;
;     Total combinational functions  ; 8 / 114,480 ( < 1 % )                       ;
;     Dedicated logic registers      ; 0 / 114,480 ( 0 % )                         ;
; Total registers                    ; 0                                           ;
; Total pins                         ; 14 / 529 ( 3 % )                            ;
; Total virtual pins                 ; 0                                           ;
; Total memory bits                  ; 0 / 3,981,312 ( 0 % )                       ;
; Embedded Multiplier 9-bit elements ; 0 / 532 ( 0 % )                             ;
; Total PLLs                         ; 0 / 4 ( 0 % )                               ;
+------------------------------------+---------------------------------------------+


+-----------------------------------------+
; Flow Settings                           ;
+-------------------+---------------------+
; Option            ; Setting             ;
+-------------------+---------------------+
; Start date & time ; 09/06/2024 11:39:48 ;
; Main task         ; Compilation         ;
; Revision Name     ; 4bits_RCA           ;
+-------------------+---------------------+


+------------------------------------------------------------------------------------------------------------------------------+
; Flow Non-Default Global Settings                                                                                             ;
+--------------------------------------+----------------------------------------+---------------+-------------+----------------+
; Assignment Name                      ; Value                                  ; Default Value ; Entity Name ; Section Id     ;
+--------------------------------------+----------------------------------------+---------------+-------------+----------------+
; COMPILER_SIGNATURE_ID                ; 345050814416.172563718801832           ; --            ; --          ; --             ;
; EDA_DESIGN_INSTANCE_NAME             ; NA                                     ; --            ; --          ; RCA_tb         ;
; EDA_NATIVELINK_SIMULATION_TEST_BENCH ; RCA_tb                                 ; --            ; --          ; eda_simulation ;
; EDA_OUTPUT_DATA_FORMAT               ; Verilog Hdl                            ; --            ; --          ; eda_simulation ;
; EDA_SIMULATION_TOOL                  ; ModelSim-Altera (Verilog)              ; <None>        ; --          ; --             ;
; EDA_TEST_BENCH_ENABLE_STATUS         ; TEST_BENCH_MODE                        ; --            ; --          ; eda_simulation ;
; EDA_TEST_BENCH_FILE                  ; RCA_tb.v                               ; --            ; --          ; RCA_tb         ;
; EDA_TEST_BENCH_MODULE_NAME           ; RCA_tb                                 ; --            ; --          ; RCA_tb         ;
; EDA_TEST_BENCH_NAME                  ; RCA_tb                                 ; --            ; --          ; eda_simulation ;
; EDA_TIME_SCALE                       ; 1 ps                                   ; --            ; --          ; eda_simulation ;
; MAX_CORE_JUNCTION_TEMP               ; 85                                     ; --            ; --          ; --             ;
; MIN_CORE_JUNCTION_TEMP               ; 0                                      ; --            ; --          ; --             ;
; NOMINAL_CORE_SUPPLY_VOLTAGE          ; 1.2V                                   ; --            ; --          ; --             ;
; PARTITION_COLOR                      ; -- (Not supported for targeted family) ; --            ; RCA         ; Top            ;
; PARTITION_FITTER_PRESERVATION_LEVEL  ; -- (Not supported for targeted family) ; --            ; RCA         ; Top            ;
; PARTITION_NETLIST_TYPE               ; -- (Not supported for targeted family) ; --            ; RCA         ; Top            ;
; POWER_BOARD_THERMAL_MODEL            ; None (CONSERVATIVE)                    ; --            ; --          ; --             ;
; POWER_PRESET_COOLING_SOLUTION        ; 23 MM HEAT SINK WITH 200 LFPM AIRFLOW  ; --            ; --          ; --             ;
; PROJECT_OUTPUT_DIRECTORY             ; output_files                           ; --            ; --          ; --             ;
; TOP_LEVEL_ENTITY                     ; RCA                                    ; 4bits_RCA     ; --          ; --             ;
+--------------------------------------+----------------------------------------+---------------+-------------+----------------+


+-------------------------------------------------------------------------------------------------------------------------------+
; Flow Elapsed Time                                                                                                             ;
+---------------------------+--------------+-------------------------+---------------------+------------------------------------+
; Module Name               ; Elapsed Time ; Average Processors Used ; Peak Virtual Memory ; Total CPU Time (on all processors) ;
+---------------------------+--------------+-------------------------+---------------------+------------------------------------+
; Analysis & Synthesis      ; 00:00:13     ; 1.0                     ; 4727 MB             ; 00:00:19                           ;
; Fitter                    ; 00:00:14     ; 1.0                     ; 5381 MB             ; 00:00:17                           ;
; Assembler                 ; 00:00:05     ; 1.0                     ; 4673 MB             ; 00:00:04                           ;
; TimeQuest Timing Analyzer ; 00:00:03     ; 1.0                     ; 4801 MB             ; 00:00:03                           ;
; EDA Netlist Writer        ; 00:00:01     ; 1.0                     ; 4637 MB             ; 00:00:01                           ;
; EDA Netlist Writer        ; 00:00:01     ; 1.0                     ; 4621 MB             ; 00:00:01                           ;
; EDA Netlist Writer        ; 00:00:01     ; 1.0                     ; 4633 MB             ; 00:00:01                           ;
; EDA Netlist Writer        ; 00:00:01     ; 1.0                     ; 4621 MB             ; 00:00:01                           ;
; EDA Netlist Writer        ; 00:00:01     ; 1.0                     ; 4633 MB             ; 00:00:01                           ;
; Total                     ; 00:00:40     ; --                      ; --                  ; 00:00:48                           ;
+---------------------------+--------------+-------------------------+---------------------+------------------------------------+


+-----------------------------------------------------------------------------------------+
; Flow OS Summary                                                                         ;
+---------------------------+------------------+------------+------------+----------------+
; Module Name               ; Machine Hostname ; OS Name    ; OS Version ; Processor type ;
+---------------------------+------------------+------------+------------+----------------+
; Analysis & Synthesis      ; vcm-42785        ; Windows 10 ; 10.0       ; x86_64         ;
; Fitter                    ; vcm-42785        ; Windows 10 ; 10.0       ; x86_64         ;
; Assembler                 ; vcm-42785        ; Windows 10 ; 10.0       ; x86_64         ;
; TimeQuest Timing Analyzer ; vcm-42785        ; Windows 10 ; 10.0       ; x86_64         ;
; EDA Netlist Writer        ; vcm-42785        ; Windows 10 ; 10.0       ; x86_64         ;
; EDA Netlist Writer        ; vcm-42785        ; Windows 10 ; 10.0       ; x86_64         ;
; EDA Netlist Writer        ; vcm-42785        ; Windows 10 ; 10.0       ; x86_64         ;
; EDA Netlist Writer        ; vcm-42785        ; Windows 10 ; 10.0       ; x86_64         ;
; EDA Netlist Writer        ; vcm-42785        ; Windows 10 ; 10.0       ; x86_64         ;
+---------------------------+------------------+------------+------------+----------------+


------------
; Flow Log ;
------------
quartus_map --read_settings_files=on --write_settings_files=off 4bits_RCA -c 4bits_RCA
quartus_fit --read_settings_files=off --write_settings_files=off 4bits_RCA -c 4bits_RCA
quartus_asm --read_settings_files=off --write_settings_files=off 4bits_RCA -c 4bits_RCA
quartus_sta 4bits_RCA -c 4bits_RCA
quartus_eda --read_settings_files=off --write_settings_files=off 4bits_RCA -c 4bits_RCA
quartus_eda --gen_testbench --tool=modelsim_oem --format=verilog --write_settings_files=off 4bits_RCA -c 4bits_RCA --vector_source=C:/Users/jh730/Documents/ECE_550/Lab_2/Waveform.vwf --testbench_file=C:/Users/jh730/Documents/ECE_550/Lab_2/simulation/qsim/Waveform.vwf.vt
quartus_eda --write_settings_files=off --simulation=on --functional=on --flatten_buses=off --tool=modelsim_oem --format=verilog --output_directory=C:/Users/jh730/Documents/ECE_550/Lab_2/simulation/qsim/ 4bits_RCA -c 4bits_RCA
quartus_eda --gen_testbench --tool=modelsim_oem --format=verilog --write_settings_files=off 4bits_RCA -c 4bits_RCA --vector_source=C:/Users/jh730/Documents/ECE_550/Lab_2/Waveform.vwf --testbench_file=C:/Users/jh730/Documents/ECE_550/Lab_2/simulation/qsim/Waveform.vwf.vt
quartus_eda --write_settings_files=off --simulation=on --functional=on --flatten_buses=off --tool=modelsim_oem --format=verilog --output_directory=C:/Users/jh730/Documents/ECE_550/Lab_2/simulation/qsim/ 4bits_RCA -c 4bits_RCA



